C51 COMPILER V9.60.7.0   UART                                                              05/28/2025 00:05:26 PAGE 1   


C51 COMPILER V9.60.7.0, COMPILATION OF MODULE UART
OBJECT MODULE PLACED IN .\Objects\uart.obj
COMPILER INVOKED BY: C:\Keil_v5\C51\BIN\C51.EXE uart.c OPTIMIZE(8,SPEED) BROWSE DEBUG OBJECTEXTEND PRINT(.\Listings\uart
                    -.lst) TABS(2) OBJECT(.\Objects\uart.obj)

line level    source

   1          #include<reg51.h>
   2          #include<string.h>
   3          #include "lcd.h"
   4          void init()
   5          {
   6   1        TMOD = 0x20; //8 bit auto reload
   7   1        SCON = 0x50; //8 bit buffer
   8   1        TH1  = 0xfd; //baudrate:9600 bits per sec
   9   1        TR1  = 1; //start timer 1 
  10   1      }
  11          
  12          /*
  13          void send_char(unsigned char ch)
  14          {
  15            SBUF = ch;
  16            while(TI == 0);
  17            TI = 0;
  18          }
  19          */
  20          
  21          void receive(unsigned char *tmp_buff)
  22          {
  23   1        int t=0;
  24   1        unsigned char ch1;
  25   1        unsigned char buff[20];
  26   1        while(1)
  27   1        {
  28   2        while(RI==0);
  29   2        ch1 = SBUF;
  30   2        RI=0;
  31   2          if(ch1 == '\n')
  32   2          {
  33   3            break;
  34   3          }
  35   2        buff[t++]=ch1;
  36   2        }
  37   1        strncpy(tmp_buff,buff,t-1);
  38   1      }
  39          
  40          /*
  41          void send_str(unsigned char *ch)
  42          {
  43            while(*ch != '\0')
  44            {
  45              send_char(*ch++);
  46            }
  47          }
  48          */


MODULE INFORMATION:   STATIC OVERLAYABLE
   CODE SIZE        =     64    ----
   CONSTANT SIZE    =   ----    ----
   XDATA SIZE       =   ----    ----
C51 COMPILER V9.60.7.0   UART                                                              05/28/2025 00:05:26 PAGE 2   

   PDATA SIZE       =   ----    ----
   DATA SIZE        =   ----      21
   IDATA SIZE       =   ----    ----
   BIT SIZE         =   ----    ----
END OF MODULE INFORMATION.


C51 COMPILATION COMPLETE.  0 WARNING(S),  0 ERROR(S)
